{"ts":1754661185635,"action":"IDE_DEACTIVATED"}
{"ts":1754661161727,"action":"PROJECT_OPENED","tags":{"PROJECT_NAME":"00001"}}
{"ts":1754661200726,"action":"IDE_ACTIVATED"}
{"ts":1754661202498,"action":"IDE_DEACTIVATED"}
{"ts":1754661203616,"action":"IDE_ACTIVATED"}
{"ts":1754661388875,"action":"IDE_DEACTIVATED"}
{"ts":1754661389402,"action":"IDE_ACTIVATED"}
{"ts":1754661411005,"action":"FILE_CLOSED","file":"/localisation/simp_chinese/ori_paragon_events_l_simp_chinese.yml","tags":{"FILE_LINE_OF_CODE":"10"}}
{"ts":1754661411005,"action":"FILE_OPENED","file":"/common/traditions/resonance.txt","tags":{"FILE_LINE_OF_CODE":"235"}}
{"ts":1754661416245,"action":"IDE_DEACTIVATED"}
{"ts":1754661416363,"action":"IDE_ACTIVATED"}
{"ts":1754661538131,"action":"IDE_DEACTIVATED"}
{"ts":1754661538235,"action":"IDE_ACTIVATED"}
{"ts":1754661556746,"action":"FILE_CLOSED","file":"/common/traditions/resonance.txt","tags":{"FILE_LINE_OF_CODE":"235"}}
{"ts":1754661556790,"action":"FILE_OPENED","file":"/events/ori_aquatic_events.txt","tags":{"FILE_LINE_OF_CODE":"0"}}
{"ts":1754661602679,"action":"FILE_CLOSED","file":"/events/ori_aquatic_events.txt","tags":{"FILE_LINE_OF_CODE":"120"}}
{"ts":1754661602712,"action":"FILE_OPENED","file":"/interface/ori_traditions.gfx","tags":{"FILE_LINE_OF_CODE":"261"}}
{"ts":1754661836052,"action":"IDE_DEACTIVATED"}
{"ts":1754661836164,"action":"IDE_ACTIVATED"}
{"ts":1754662017222,"action":"IDE_DEACTIVATED"}
{"ts":1754662018577,"action":"IDE_ACTIVATED"}
{"ts":1754662030678,"action":"FILE_CLOSED","file":"/interface/ori_traditions.gfx","tags":{"FILE_LINE_OF_CODE":"261"}}
{"ts":1754662030717,"action":"FILE_OPENED","file":"/common/pop_jobs/ori_specialist_jobs.txt","tags":{"FILE_LINE_OF_CODE":"496"}}
{"ts":1754662040214,"action":"IDE_DEACTIVATED"}
{"ts":1754662042745,"action":"IDE_ACTIVATED"}
{"ts":1754662080491,"action":"IDE_DEACTIVATED"}
{"ts":1754662080602,"action":"IDE_ACTIVATED"}
{"ts":1754662094068,"action":"FILE_CLOSED","file":"/common/pop_jobs/ori_specialist_jobs.txt","tags":{"FILE_LINE_OF_CODE":"496"}}
{"ts":1754662094105,"action":"FILE_OPENED","file":"/common/pop_jobs/ori_gestalt_jobs.txt","tags":{"FILE_LINE_OF_CODE":"336"}}
{"ts":1754662113593,"action":"FILE_CLOSED","file":"/common/pop_jobs/ori_gestalt_jobs.txt","tags":{"FILE_LINE_OF_CODE":"336"}}
{"ts":1754662113649,"action":"FILE_OPENED","file":"/common/inline_scripts/output/originium_triggered_modifiers.txt","tags":{"FILE_LINE_OF_CODE":"10"}}
{"ts":1754662124312,"action":"IDE_DEACTIVATED"}
{"ts":1754662124428,"action":"IDE_ACTIVATED"}
{"ts":1754662228463,"action":"FILE_CLOSED","file":"/common/inline_scripts/output/originium_triggered_modifiers.txt","tags":{"FILE_LINE_OF_CODE":"121"}}
{"ts":1754662236049,"action":"FILE_OPENED","file":"/common/inline_scripts/output/originium_triggered_modifiers.txt","tags":{"FILE_LINE_OF_CODE":"121"}}
{"ts":1754662268089,"action":"FILE_CLOSED","file":"/common/inline_scripts/output/originium_triggered_modifiers.txt","tags":{"FILE_LINE_OF_CODE":"121"}}
{"ts":1754662268124,"action":"FILE_OPENED","file":"/common/traditions/crystallization.txt","tags":{"FILE_LINE_OF_CODE":"272"}}
{"ts":1754662289835,"action":"FILE_CLOSED","file":"/common/traditions/crystallization.txt","tags":{"FILE_LINE_OF_CODE":"272"}}
{"ts":1754662289835,"action":"FILE_OPENED","file":"/common/inline_scripts/output/originium_triggered_modifiers.txt","tags":{"FILE_LINE_OF_CODE":"121"}}
{"ts":1754662337756,"action":"FILE_CLOSED","file":"/common/inline_scripts/output/originium_triggered_modifiers.txt","tags":{"FILE_LINE_OF_CODE":"121"}}
{"ts":1754662342025,"action":"FILE_OPENED","file":"/common/inline_scripts/output/originium_triggered_modifiers.txt","tags":{"FILE_LINE_OF_CODE":"121"}}
{"ts":1754662775514,"action":"FILE_CLOSED","file":"/common/inline_scripts/output/originium_triggered_modifiers.txt","tags":{"FILE_LINE_OF_CODE":"121"}}
{"ts":1754662791176,"action":"FILE_OPENED","file":"/common/inline_scripts/output/originium_triggered_modifiers.txt","tags":{"FILE_LINE_OF_CODE":"121"}}
{"ts":1754662804409,"action":"FILE_CLOSED","file":"/common/inline_scripts/output/originium_triggered_modifiers.txt","tags":{"FILE_LINE_OF_CODE":"121"}}
{"ts":1754662804443,"action":"FILE_OPENED","file":"/common/scripted_variables/ori_scripted_variables.txt","tags":{"FILE_LINE_OF_CODE":"63"}}
{"ts":1754662814428,"action":"FILE_CLOSED","file":"/common/scripted_variables/ori_scripted_variables.txt","tags":{"FILE_LINE_OF_CODE":"63"}}
{"ts":1754662814428,"action":"FILE_OPENED","file":"/common/inline_scripts/output/originium_triggered_modifiers.txt","tags":{"FILE_LINE_OF_CODE":"121"}}
{"ts":1754662885061,"action":"FILE_CLOSED","file":"/common/inline_scripts/output/originium_triggered_modifiers.txt","tags":{"FILE_LINE_OF_CODE":"121"}}
{"ts":1754662885061,"action":"FILE_OPENED","file":"/common/traditions/crystallization.txt","tags":{"FILE_LINE_OF_CODE":"272"}}
{"ts":1754662891966,"action":"FILE_CLOSED","file":"/common/traditions/crystallization.txt","tags":{"FILE_LINE_OF_CODE":"272"}}
{"ts":1754662891966,"action":"FILE_OPENED","file":"/common/inline_scripts/output/originium_triggered_modifiers.txt","tags":{"FILE_LINE_OF_CODE":"121"}}
{"ts":1754662945530,"action":"IDE_DEACTIVATED"}
{"ts":1754662945998,"action":"IDE_ACTIVATED"}
{"ts":1754662970776,"action":"IDE_DEACTIVATED"}
{"ts":1754662970778,"action":"IDE_ACTIVATED"}
{"ts":1754662971835,"action":"IDE_DEACTIVATED"}
{"ts":1754662972189,"action":"IDE_ACTIVATED"}
{"ts":1754662975921,"action":"IDE_DEACTIVATED"}
{"ts":1754662976033,"action":"IDE_ACTIVATED"}
{"ts":1754663001679,"action":"FILE_CLOSED","file":"/common/inline_scripts/output/originium_triggered_modifiers.txt","tags":{"FILE_LINE_OF_CODE":"121"}}
{"ts":1754663001720,"action":"FILE_OPENED","file":"/common/inline_scripts/jobs/ori_healthcare_add.txt","tags":{"FILE_LINE_OF_CODE":"0"}}
{"ts":1754663010586,"action":"IDE_DEACTIVATED"}
{"ts":1754663011451,"action":"IDE_ACTIVATED"}
{"ts":1754663013745,"action":"IDE_DEACTIVATED"}
{"ts":1754663014597,"action":"IDE_ACTIVATED"}
{"ts":1754663097844,"action":"IDE_DEACTIVATED"}
{"ts":1754663097929,"action":"IDE_ACTIVATED"}
{"ts":1754663170201,"action":"FILE_CLOSED","file":"/common/inline_scripts/jobs/healthcare_add.txt","tags":{"FILE_LINE_OF_CODE":"37"}}
{"ts":1754663177792,"action":"FILE_OPENED","file":"/interface/ori_traditions.gfx","tags":{"FILE_LINE_OF_CODE":"261"}}
{"ts":1754663191918,"action":"FILE_CLOSED","file":"/interface/ori_traditions.gfx","tags":{"FILE_LINE_OF_CODE":"261"}}
{"ts":1754663191918,"action":"FILE_OPENED","file":"/common/traditions/resonance.txt","tags":{"FILE_LINE_OF_CODE":"235"}}
{"ts":1754663304253,"action":"IDE_DEACTIVATED"}
{"ts":1754663345160,"action":"IDE_ACTIVATED"}
{"ts":1754663364862,"action":"IDE_DEACTIVATED"}
{"ts":1754663404399,"action":"IDE_ACTIVATED"}
{"ts":1754663470623,"action":"FILE_CLOSED","file":"/common/traditions/resonance.txt","tags":{"FILE_LINE_OF_CODE":"235"}}
{"ts":1754663470990,"action":"FILE_OPENED","file":"/localisation/simp_chinese/ori_ascension_perk_lists_l_simp_chinese.yml","tags":{"FILE_LINE_OF_CODE":"1229"}}
{"ts":1754663622647,"action":"FILE_CLOSED","file":"/localisation/simp_chinese/ori_ascension_perk_lists_l_simp_chinese.yml","tags":{"FILE_LINE_OF_CODE":"1229"}}
{"ts":1754663622647,"action":"FILE_OPENED","file":"/common/traditions/resonance.txt","tags":{"FILE_LINE_OF_CODE":"235"}}
{"ts":1754663729965,"action":"FILE_CLOSED","file":"/common/traditions/resonance.txt","tags":{"FILE_LINE_OF_CODE":"235"}}
{"ts":1754663729965,"action":"FILE_OPENED","file":"/interface/ori_traditions.gfx","tags":{"FILE_LINE_OF_CODE":"261"}}
{"ts":1754663732842,"action":"FILE_CLOSED","file":"/interface/ori_traditions.gfx","tags":{"FILE_LINE_OF_CODE":"261"}}
{"ts":1754663732842,"action":"FILE_OPENED","file":"/common/traditions/resonance.txt","tags":{"FILE_LINE_OF_CODE":"235"}}
{"ts":1754663738475,"action":"FILE_CLOSED","file":"/common/traditions/resonance.txt","tags":{"FILE_LINE_OF_CODE":"235"}}
{"ts":1754663738475,"action":"FILE_OPENED","file":"/localisation/simp_chinese/ori_ascension_perk_lists_l_simp_chinese.yml","tags":{"FILE_LINE_OF_CODE":"1229"}}
{"ts":1754663774662,"action":"FILE_CLOSED","file":"/localisation/simp_chinese/ori_ascension_perk_lists_l_simp_chinese.yml","tags":{"FILE_LINE_OF_CODE":"1229"}}
{"ts":1754663774662,"action":"FILE_OPENED","file":"/common/traditions/resonance.txt","tags":{"FILE_LINE_OF_CODE":"235"}}
{"ts":1754663799479,"action":"IDE_DEACTIVATED"}
{"ts":1754663835848,"action":"IDE_ACTIVATED"}
{"ts":1754663838388,"action":"IDE_DEACTIVATED"}
{"ts":1754663865140,"action":"IDE_ACTIVATED"}
{"ts":1754664035159,"action":"FILE_CLOSED","file":"/common/traditions/resonance.txt","tags":{"FILE_LINE_OF_CODE":"235"}}
{"ts":1754664035183,"action":"FILE_OPENED","file":"/common/inline_scripts/traditions/tr_resonance_buzz_elimination.txt","tags":{"FILE_LINE_OF_CODE":"6"}}
{"ts":1754664055448,"action":"FILE_CLOSED","file":"/common/inline_scripts/traditions/tr_resonance_buzz_elimination.txt","tags":{"FILE_LINE_OF_CODE":"6"}}
{"ts":1754664055470,"action":"FILE_OPENED","file":"/common/policies/ori_policies.txt","tags":{"FILE_LINE_OF_CODE":"144"}}
{"ts":1754664130396,"action":"FILE_CLOSED","file":"/common/policies/ori_policies.txt","tags":{"FILE_LINE_OF_CODE":"144"}}
{"ts":1754664130429,"action":"FILE_OPENED","file":"/common/static_modifiers/ori_asscension_modifiers.txt","tags":{"FILE_LINE_OF_CODE":"74"}}
{"ts":1754664177507,"action":"IDE_DEACTIVATED"}
{"ts":1754664177932,"action":"IDE_ACTIVATED"}
{"ts":1754664218153,"action":"IDE_DEACTIVATED"}
{"ts":1754664218571,"action":"IDE_ACTIVATED"}
{"ts":1754664265311,"action":"FILE_CLOSED","file":"/common/static_modifiers/ori_asscension_modifiers.txt","tags":{"FILE_LINE_OF_CODE":"74"}}
{"ts":1754664265375,"action":"FILE_OPENED","file":"/gfx/portraits/portraits/0001_portraits_terra.txt","tags":{"FILE_LINE_OF_CODE":"199"}}
{"ts":1754664271498,"action":"FILE_CLOSED","file":"/gfx/portraits/portraits/0001_portraits_terra.txt","tags":{"FILE_LINE_OF_CODE":"199"}}
{"ts":1754664271524,"action":"FILE_OPENED","file":"/common/portrait_sets/0001_portraits_terra.txt","tags":{"FILE_LINE_OF_CODE":"31"}}
{"ts":1754664315702,"action":"FILE_CLOSED","file":"/common/portrait_sets/0001_portraits_terra.txt","tags":{"FILE_LINE_OF_CODE":"31"}}
{"ts":1754664315702,"action":"FILE_OPENED","file":"/gfx/portraits/portraits/0001_portraits_terra.txt","tags":{"FILE_LINE_OF_CODE":"199"}}
{"ts":1754664349661,"action":"FILE_CLOSED","file":"/gfx/portraits/portraits/0001_portraits_terra.txt","tags":{"FILE_LINE_OF_CODE":"199"}}
{"ts":1754664349661,"action":"FILE_OPENED","file":"/common/portrait_sets/0001_portraits_terra.txt","tags":{"FILE_LINE_OF_CODE":"31"}}
{"ts":1754664367657,"action":"FILE_CLOSED","file":"/common/portrait_sets/0001_portraits_terra.txt","tags":{"FILE_LINE_OF_CODE":"31"}}
{"ts":1754664367657,"action":"FILE_OPENED","file":"/common/buildings/ori_amenity_buildings.txt","tags":{"FILE_LINE_OF_CODE":"476"}}
{"ts":1754664380697,"action":"IDE_DEACTIVATED"}
{"ts":1754664381513,"action":"IDE_ACTIVATED"}
{"ts":1754664399391,"action":"IDE_DEACTIVATED"}
{"ts":1754664399914,"action":"IDE_ACTIVATED"}
{"ts":1754664400844,"action":"IDE_DEACTIVATED"}
{"ts":1754664402161,"action":"IDE_ACTIVATED"}
{"ts":1754664405118,"action":"FILE_CLOSED","file":"/common/buildings/ori_amenity_buildings.txt","tags":{"FILE_LINE_OF_CODE":"476"}}
{"ts":1754664405182,"action":"FILE_OPENED","file":"/common/council_agendas/ori_council_agendas_ascension.txt","tags":{"FILE_LINE_OF_CODE":"283"}}
{"ts":1754664517731,"action":"FILE_CLOSED","file":"/common/council_agendas/ori_council_agendas_ascension.txt","tags":{"FILE_LINE_OF_CODE":"284"}}
{"ts":1754664517755,"action":"FILE_OPENED","file":"/common/game_rules/ori_rules.txt","tags":{"FILE_LINE_OF_CODE":"210"}}
{"ts":1754664542887,"action":"FILE_CLOSED","file":"/common/game_rules/ori_rules.txt","tags":{"FILE_LINE_OF_CODE":"210"}}
{"ts":1754664542900,"action":"FILE_OPENED","file":"/common/scripted_triggers/ori_scripted_triggers_ai.txt","tags":{"FILE_LINE_OF_CODE":"70"}}
{"ts":1754664557697,"action":"FILE_CLOSED","file":"/common/scripted_triggers/ori_scripted_triggers_ai.txt","tags":{"FILE_LINE_OF_CODE":"70"}}
{"ts":1754664557721,"action":"FILE_OPENED","file":"/common/strategic_resources/resources_originium.txt","tags":{"FILE_LINE_OF_CODE":"43"}}
{"ts":1754664563290,"action":"FILE_CLOSED","file":"/common/strategic_resources/resources_originium.txt","tags":{"FILE_LINE_OF_CODE":"43"}}
{"ts":1754664563326,"action":"FILE_OPENED","file":"/common/starbase_buildings/starbase_buildings_ori.txt","tags":{"FILE_LINE_OF_CODE":"63"}}
{"ts":1754664587219,"action":"FILE_CLOSED","file":"/common/starbase_buildings/starbase_buildings_ori.txt","tags":{"FILE_LINE_OF_CODE":"63"}}
{"ts":1754664587267,"action":"FILE_OPENED","file":"/events/originium_events.txt","tags":{"FILE_LINE_OF_CODE":"274"}}
{"ts":1754664594587,"action":"FILE_CLOSED","file":"/events/originium_events.txt","tags":{"FILE_LINE_OF_CODE":"274"}}
{"ts":1754664594587,"action":"FILE_OPENED","file":"/common/starbase_buildings/starbase_buildings_ori.txt","tags":{"FILE_LINE_OF_CODE":"63"}}
{"ts":1754664597472,"action":"FILE_CLOSED","file":"/common/starbase_buildings/starbase_buildings_ori.txt","tags":{"FILE_LINE_OF_CODE":"63"}}
{"ts":1754664597504,"action":"FILE_OPENED","file":"/interface/resource_groups/topbar_other_resource_groups.txt","tags":{"FILE_LINE_OF_CODE":"44"}}
{"ts":1754664606526,"action":"FILE_CLOSED","file":"/interface/resource_groups/topbar_other_resource_groups.txt","tags":{"FILE_LINE_OF_CODE":"44"}}
{"ts":1754664606541,"action":"FILE_OPENED","file":"/common/inline_scripts/traditions/tr_crystallization_regenerative_crystallization_clones.txt","tags":{"FILE_LINE_OF_CODE":"6"}}
{"ts":1754664627245,"action":"IDE_DEACTIVATED"}
{"ts":1754664627334,"action":"IDE_ACTIVATED"}
{"ts":1754664638674,"action":"IDE_DEACTIVATED"}
{"ts":1754664638783,"action":"IDE_ACTIVATED"}
{"ts":1754664641465,"action":"IDE_DEACTIVATED"}
{"ts":1754664641581,"action":"IDE_ACTIVATED"}
{"ts":1754664648354,"action":"IDE_DEACTIVATED"}
{"ts":1754664654013,"action":"IDE_ACTIVATED"}
{"ts":1754664655453,"action":"IDE_DEACTIVATED"}
{"ts":1754664655871,"action":"IDE_ACTIVATED"}
{"ts":1754664665148,"action":"IDE_DEACTIVATED"}
{"ts":1754664665558,"action":"IDE_ACTIVATED"}
{"ts":1754664670090,"action":"IDE_DEACTIVATED"}
{"ts":1754664670510,"action":"IDE_ACTIVATED"}
{"ts":1754664690453,"action":"IDE_DEACTIVATED"}
{"ts":1754664690539,"action":"IDE_ACTIVATED"}
{"ts":1754664748515,"action":"FILE_CLOSED","file":"/common/inline_scripts/traditions/tr_crystallization_regenerative_crystallization_clones.txt","tags":{"FILE_LINE_OF_CODE":"6"}}
{"ts":1754664748532,"action":"FILE_OPENED","file":"/common/inline_scripts/pop_categories/ori_social_classes_triggered_modifiers.txt","tags":{"FILE_LINE_OF_CODE":"34"}}
{"ts":1754664791384,"action":"IDE_DEACTIVATED"}
{"ts":1754664791507,"action":"IDE_ACTIVATED"}
{"ts":1754664794811,"action":"IDE_DEACTIVATED"}
{"ts":1754664795212,"action":"IDE_ACTIVATED"}
{"ts":1754664929051,"action":"FILE_CLOSED","file":"/common/inline_scripts/pop_categories/social_classes_triggered_modifiers.txt","tags":{"FILE_LINE_OF_CODE":"195"}}
{"ts":1754664929081,"action":"FILE_OPENED","file":"/common/inline_scripts/zones/shared_industrial_factory_zone_ori.txt","tags":{"FILE_LINE_OF_CODE":"48"}}
{"ts":1754664943166,"action":"IDE_DEACTIVATED"}
{"ts":1754664943615,"action":"IDE_ACTIVATED"}
{"ts":1754665027923,"action":"IDE_DEACTIVATED"}
{"ts":1754665028058,"action":"IDE_ACTIVATED"}
{"ts":1754665038643,"action":"FILE_CLOSED","file":"/common/inline_scripts/zones/shared_industrial_factory_zone_ori.txt","tags":{"FILE_LINE_OF_CODE":"48"}}
{"ts":1754665038669,"action":"FILE_OPENED","file":"/common/inline_scripts/traits/trait_originium_infection_suppressant_upkeep_add_inline_script.txt","tags":{"FILE_LINE_OF_CODE":"1"}}
{"ts":1754665067484,"action":"FILE_CLOSED","file":"/common/inline_scripts/traits/trait_originium_infection_suppressant_upkeep_add_inline_script.txt","tags":{"FILE_LINE_OF_CODE":"1"}}
{"ts":1754665067523,"action":"FILE_OPENED","file":"/events/operator_events.txt","tags":{"FILE_LINE_OF_CODE":"1822"}}
{"ts":1754665085212,"action":"FILE_CLOSED","file":"/events/operator_events.txt","tags":{"FILE_LINE_OF_CODE":"1822"}}
{"ts":1754665085244,"action":"FILE_OPENED","file":"/events/ori_aquatic_events.txt","tags":{"FILE_LINE_OF_CODE":"120"}}
{"ts":1754665107017,"action":"FILE_CLOSED","file":"/events/ori_aquatic_events.txt","tags":{"FILE_LINE_OF_CODE":"120"}}
{"ts":1754665127704,"action":"IDE_DEACTIVATED"}
{"ts":1754665133300,"action":"IDE_ACTIVATED"}
{"ts":1754665150987,"action":"FILE_OPENED","file":"/events/ori_aquatic_events.txt","tags":{"FILE_LINE_OF_CODE":"120"}}
{"ts":1754665198393,"action":"FILE_CLOSED","file":"/events/ori_aquatic_events.txt","tags":{"FILE_LINE_OF_CODE":"122"}}
{"ts":1754665222634,"action":"IDE_DEACTIVATED"}
{"ts":1754665225322,"action":"IDE_ACTIVATED"}
{"ts":1754665227918,"action":"FILE_OPENED","file":"/events/ori_aquatic_events.txt","tags":{"FILE_LINE_OF_CODE":"122"}}
{"ts":1754665260025,"action":"IDE_DEACTIVATED"}
{"ts":1754665260159,"action":"IDE_ACTIVATED"}
{"ts":1754665301322,"action":"IDE_DEACTIVATED"}
{"ts":1754665301432,"action":"IDE_ACTIVATED"}
{"ts":1754665340499,"action":"FILE_CLOSED","file":"/events/aquatic_events.txt","tags":{"FILE_LINE_OF_CODE":"1870"}}
{"ts":1754665340518,"action":"FILE_OPENED","file":"/common/game_concepts/ori_asccension_concepts.txt","tags":{"FILE_LINE_OF_CODE":"86"}}
{"ts":1754665346614,"action":"FILE_CLOSED","file":"/common/game_concepts/ori_asccension_concepts.txt","tags":{"FILE_LINE_OF_CODE":"86"}}
{"ts":1754665346614,"action":"FILE_OPENED","file":"/common/council_agendas/ori_council_agendas_ascension.txt","tags":{"FILE_LINE_OF_CODE":"284"}}
{"ts":1754665493497,"action":"FILE_CLOSED","file":"/common/council_agendas/ori_council_agendas_ascension.txt","tags":{"FILE_LINE_OF_CODE":"284"}}
{"ts":1754665493541,"action":"FILE_OPENED","file":"/common/deposits/ori_deposits.txt","tags":{"FILE_LINE_OF_CODE":"44"}}
{"ts":1754665525280,"action":"IDE_DEACTIVATED"}
{"ts":1754665525933,"action":"IDE_ACTIVATED"}
{"ts":1754665584803,"action":"FILE_CLOSED","file":"/common/deposits/ori_deposits.txt","tags":{"FILE_LINE_OF_CODE":"44"}}
{"ts":1754665584822,"action":"FILE_OPENED","file":"/common/pop_jobs/ori_originium_jobs.txt","tags":{"FILE_LINE_OF_CODE":"21"}}
{"ts":1754665642773,"action":"IDE_DEACTIVATED"}
{"ts":1754665643233,"action":"IDE_ACTIVATED"}
{"ts":1754665736832,"action":"IDE_DEACTIVATED"}
{"ts":1754665737527,"action":"IDE_ACTIVATED"}
{"ts":1754665767279,"action":"IDE_DEACTIVATED"}
{"ts":1754665767368,"action":"IDE_ACTIVATED"}
{"ts":1754665799174,"action":"FILE_CLOSED","file":"/common/pop_jobs/ori_originium_jobs.txt","tags":{"FILE_LINE_OF_CODE":"23"}}
{"ts":1754665799226,"action":"FILE_OPENED","file":"/common/buildings/ori_buildings.txt","tags":{"FILE_LINE_OF_CODE":"465"}}
{"ts":1754665802490,"action":"FILE_CLOSED","file":"/common/buildings/ori_buildings.txt","tags":{"FILE_LINE_OF_CODE":"465"}}
{"ts":1754665802490,"action":"FILE_OPENED","file":"/common/pop_jobs/ori_originium_jobs.txt","tags":{"FILE_LINE_OF_CODE":"23"}}
{"ts":1754665811662,"action":"IDE_DEACTIVATED"}
{"ts":1754665812657,"action":"IDE_ACTIVATED"}
{"ts":1754665886618,"action":"IDE_DEACTIVATED"}
{"ts":1754665888221,"action":"IDE_ACTIVATED"}
{"ts":1754665933010,"action":"IDE_DEACTIVATED"}
{"ts":1754665933121,"action":"IDE_ACTIVATED"}
{"ts":1754665997184,"action":"FILE_CLOSED","file":"/common/pop_jobs/ori_originium_jobs.txt","tags":{"FILE_LINE_OF_CODE":"23"}}
{"ts":1754665997204,"action":"FILE_OPENED","file":"/common/scripted_modifiers/ori_scripted_modifiers.txt","tags":{"FILE_LINE_OF_CODE":"8"}}
{"ts":1754666010955,"action":"IDE_DEACTIVATED"}
{"ts":1754666011351,"action":"IDE_ACTIVATED"}
{"ts":1754666081975,"action":"IDE_DEACTIVATED"}
{"ts":1754666082117,"action":"IDE_ACTIVATED"}
{"ts":1754666094047,"action":"FILE_CLOSED","file":"/common/scripted_modifiers/ori_scripted_modifiers.txt","tags":{"FILE_LINE_OF_CODE":"8"}}
{"ts":1754666094077,"action":"FILE_OPENED","file":"/common/pop_jobs/ori_specialist_jobs.txt","tags":{"FILE_LINE_OF_CODE":"496"}}
{"ts":1754666216406,"action":"FILE_CLOSED","file":"/common/pop_jobs/ori_specialist_jobs.txt","tags":{"FILE_LINE_OF_CODE":"502"}}
{"ts":1754666216445,"action":"FILE_OPENED","file":"/common/pop_jobs/ori_worker_jobs.txt","tags":{"FILE_LINE_OF_CODE":"310"}}
{"ts":1754666265057,"action":"FILE_CLOSED","file":"/common/pop_jobs/ori_worker_jobs.txt","tags":{"FILE_LINE_OF_CODE":"310"}}
{"ts":1754666265092,"action":"FILE_OPENED","file":"/common/species_classes/0001_portraits_terra.txt","tags":{"FILE_LINE_OF_CODE":"18"}}
{"ts":1754666285853,"action":"FILE_CLOSED","file":"/common/species_classes/0001_portraits_terra.txt","tags":{"FILE_LINE_OF_CODE":"18"}}
{"ts":1754666303655,"action":"FILE_OPENED","file":"/localisation/simp_chinese/name_lists_l_simp_chinese.yml","tags":{"FILE_LINE_OF_CODE":"329"}}
{"ts":1754666315649,"action":"FILE_CLOSED","file":"/localisation/simp_chinese/name_lists_l_simp_chinese.yml","tags":{"FILE_LINE_OF_CODE":"354"}}
{"ts":1754666315649,"action":"FILE_OPENED","file":"/common/game_concepts/ori_asccension_concepts.txt","tags":{"FILE_LINE_OF_CODE":"86"}}
{"ts":1754666345093,"action":"FILE_CLOSED","file":"/common/game_concepts/ori_asccension_concepts.txt","tags":{"FILE_LINE_OF_CODE":"86"}}
{"ts":1754666345230,"action":"FILE_OPENED","file":"/common/governments/authorities/ori_authorities.txt","tags":{"FILE_LINE_OF_CODE":"1940"}}
{"ts":1754666375938,"action":"FILE_CLOSED","file":"/common/governments/authorities/ori_authorities.txt","tags":{"FILE_LINE_OF_CODE":"1940"}}
{"ts":1754666375938,"action":"FILE_OPENED","file":"/common/deposits/ori_deposits.txt","tags":{"FILE_LINE_OF_CODE":"44"}}
{"ts":1754666383802,"action":"IDE_DEACTIVATED"}
{"ts":1754666384179,"action":"IDE_ACTIVATED"}
{"ts":1754666413095,"action":"FILE_CLOSED","file":"/common/deposits/ori_deposits.txt","tags":{"FILE_LINE_OF_CODE":"44"}}
{"ts":1754666431230,"action":"FILE_OPENED","file":"/localisation/simp_chinese/oir_deposits.yml","tags":{"FILE_LINE_OF_CODE":"0"}}
{"ts":1754666451340,"action":"IDE_DEACTIVATED"}
{"ts":1754666457725,"action":"IDE_ACTIVATED"}
{"ts":1754666459620,"action":"IDE_DEACTIVATED"}
{"ts":1754666460846,"action":"IDE_ACTIVATED"}
{"ts":1754666481860,"action":"FILE_CLOSED","file":"/localisation/simp_chinese/oir_deposits.yml","tags":{"FILE_LINE_OF_CODE":"8"}}
{"ts":1754666481893,"action":"FILE_OPENED","file":"/events/originium_ascension_events.txt","tags":{"FILE_LINE_OF_CODE":"5307"}}
{"ts":1754666489726,"action":"FILE_CLOSED","file":"/events/originium_ascension_events.txt","tags":{"FILE_LINE_OF_CODE":"5307"}}
{"ts":1754666489758,"action":"FILE_OPENED","file":"/common/traits/originoid_traits.txt","tags":{"FILE_LINE_OF_CODE":"802"}}
{"ts":1754666496546,"action":"FILE_CLOSED","file":"/common/traits/originoid_traits.txt","tags":{"FILE_LINE_OF_CODE":"802"}}
{"ts":1754666496546,"action":"FILE_OPENED","file":"/localisation/simp_chinese/name_lists_l_simp_chinese.yml","tags":{"FILE_LINE_OF_CODE":"354"}}
{"ts":1754666530810,"action":"FILE_CLOSED","file":"/localisation/simp_chinese/name_lists_l_simp_chinese.yml","tags":{"FILE_LINE_OF_CODE":"354"}}
{"ts":1754666530810,"action":"FILE_OPENED","file":"/common/traits/originoid_traits.txt","tags":{"FILE_LINE_OF_CODE":"802"}}
{"ts":1754666534635,"action":"FILE_CLOSED","file":"/common/traits/originoid_traits.txt","tags":{"FILE_LINE_OF_CODE":"802"}}
{"ts":1754666534635,"action":"FILE_OPENED","file":"/events/aquatic_events.txt","tags":{"FILE_LINE_OF_CODE":"1870"}}
{"ts":1754666547242,"action":"FILE_CLOSED","file":"/events/aquatic_events.txt","tags":{"FILE_LINE_OF_CODE":"1870"}}
{"ts":1754666547268,"action":"FILE_OPENED","file":"/events/ori_origin_paragon_events.txt","tags":{"FILE_LINE_OF_CODE":"355"}}
{"ts":1754666582701,"action":"FILE_CLOSED","file":"/events/ori_origin_paragon_events.txt","tags":{"FILE_LINE_OF_CODE":"355"}}
{"ts":1754666582701,"action":"FILE_OPENED","file":"/localisation/simp_chinese/name_lists_l_simp_chinese.yml","tags":{"FILE_LINE_OF_CODE":"354"}}
{"ts":1754666643893,"action":"FILE_CLOSED","file":"/localisation/simp_chinese/name_lists_l_simp_chinese.yml","tags":{"FILE_LINE_OF_CODE":"354"}}
{"ts":1754666643893,"action":"FILE_OPENED","file":"/events/ori_origin_paragon_events.txt","tags":{"FILE_LINE_OF_CODE":"355"}}
{"ts":1754666655827,"action":"IDE_DEACTIVATED"}
{"ts":1754666655938,"action":"IDE_ACTIVATED"}
{"ts":1754666657782,"action":"FILE_CLOSED","file":"/events/ori_origin_paragon_events.txt","tags":{"FILE_LINE_OF_CODE":"355"}}
{"ts":1754666657782,"action":"FILE_OPENED","file":"/events/aquatic_events.txt","tags":{"FILE_LINE_OF_CODE":"1870"}}
{"ts":1754666663719,"action":"FILE_CLOSED","file":"/events/aquatic_events.txt","tags":{"FILE_LINE_OF_CODE":"1870"}}
{"ts":1754666663719,"action":"FILE_OPENED","file":"/events/ori_origin_paragon_events.txt","tags":{"FILE_LINE_OF_CODE":"355"}}
{"ts":1754666673702,"action":"FILE_CLOSED","file":"/events/ori_origin_paragon_events.txt","tags":{"FILE_LINE_OF_CODE":"355"}}
{"ts":1754666673702,"action":"FILE_OPENED","file":"/events/aquatic_events.txt","tags":{"FILE_LINE_OF_CODE":"1870"}}
{"ts":1754666704442,"action":"IDE_DEACTIVATED"}
{"ts":1754666731144,"action":"IDE_ACTIVATED"}
{"ts":1754666736503,"action":"IDE_DEACTIVATED"}
{"ts":1754666739324,"action":"IDE_ACTIVATED"}
{"ts":1754666811577,"action":"IDE_DEACTIVATED"}
{"ts":1754666857318,"action":"IDE_ACTIVATED"}
{"ts":1754666863165,"action":"FILE_CLOSED","file":"/events/ori_aquatic_events.txt","tags":{"FILE_LINE_OF_CODE":"1870"}}
{"ts":1754666863194,"action":"FILE_OPENED","file":"/events/ori_ascension_events.txt","tags":{"FILE_LINE_OF_CODE":"233"}}
{"ts":1754666868109,"action":"FILE_CLOSED","file":"/events/ori_ascension_events.txt","tags":{"FILE_LINE_OF_CODE":"233"}}
{"ts":1754666868109,"action":"FILE_OPENED","file":"/events/ori_aquatic_events.txt","tags":{"FILE_LINE_OF_CODE":"1870"}}
{"ts":1754666883322,"action":"FILE_CLOSED","file":"/events/aquatic_events.txt","tags":{"FILE_LINE_OF_CODE":"1870"}}
{"ts":1754666883322,"action":"FILE_OPENED","file":"/events/ori_origin_paragon_events.txt","tags":{"FILE_LINE_OF_CODE":"355"}}
{"ts":1754666887913,"action":"IDE_DEACTIVATED"}
{"ts":1754666888040,"action":"IDE_ACTIVATED"}
{"ts":1754666922624,"action":"FILE_CLOSED","file":"/events/ori_origin_events_paragon.txt","tags":{"FILE_LINE_OF_CODE":"355"}}
{"ts":1754666922651,"action":"FILE_OPENED","file":"/events/ori_timeline_events.txt","tags":{"FILE_LINE_OF_CODE":"29"}}
{"ts":1754666938180,"action":"FILE_CLOSED","file":"/events/ori_timeline_events.txt","tags":{"FILE_LINE_OF_CODE":"29"}}
{"ts":1754666938180,"action":"FILE_OPENED","file":"/events/originium_ascension_events.txt","tags":{"FILE_LINE_OF_CODE":"5307"}}
{"ts":1754666946781,"action":"FILE_CLOSED","file":"/events/originium_ascension_events.txt","tags":{"FILE_LINE_OF_CODE":"5307"}}
{"ts":1754666946781,"action":"FILE_OPENED","file":"/events/originium_events.txt","tags":{"FILE_LINE_OF_CODE":"274"}}
{"ts":1754666948677,"action":"FILE_CLOSED","file":"/events/originium_events.txt","tags":{"FILE_LINE_OF_CODE":"274"}}
{"ts":1754666948701,"action":"FILE_OPENED","file":"/events/situation_dificit_events.txt","tags":{"FILE_LINE_OF_CODE":"172"}}
{"ts":1754667030143,"action":"FILE_CLOSED","file":"/events/situation_dificit_events.txt","tags":{"FILE_LINE_OF_CODE":"173"}}
{"ts":1754667030143,"action":"FILE_OPENED","file":"/events/ori_origin_events_paragon.txt","tags":{"FILE_LINE_OF_CODE":"355"}}
{"ts":1754667037906,"action":"IDE_DEACTIVATED"}
{"ts":1754667038012,"action":"IDE_ACTIVATED"}
{"ts":1754667086379,"action":"FILE_CLOSED","file":"/events/ori_origin_events_paragon.txt","tags":{"FILE_LINE_OF_CODE":"355"}}
{"ts":1754667105520,"action":"FILE_OPENED","file":"/events/ori_origin_events_paragon.txt","tags":{"FILE_LINE_OF_CODE":"355"}}
{"ts":1754667152179,"action":"IDE_DEACTIVATED"}
{"ts":1754667152879,"action":"IDE_ACTIVATED"}
{"ts":1754667224970,"action":"IDE_DEACTIVATED"}
{"ts":1754667225542,"action":"IDE_ACTIVATED"}
{"ts":1754667352746,"action":"IDE_DEACTIVATED"}
{"ts":1754667387337,"action":"IDE_ACTIVATED"}
{"ts":1754667433558,"action":"FILE_CLOSED","file":"/events/ori_origin_events_paragon.txt","tags":{"FILE_LINE_OF_CODE":"5274"}}
{"ts":1754667433558,"action":"FILE_OPENED","file":"/events/situation_dificit_events.txt","tags":{"FILE_LINE_OF_CODE":"173"}}
{"ts":1754667447229,"action":"IDE_DEACTIVATED"}
{"ts":1754667449090,"action":"IDE_ACTIVATED"}
{"ts":1754667455492,"action":"IDE_DEACTIVATED"}
{"ts":1754667477442,"action":"IDE_ACTIVATED"}
{"ts":1754667483643,"action":"IDE_DEACTIVATED"}
{"ts":1754667517514,"action":"IDE_ACTIVATED"}
{"ts":1754667587506,"action":"IDE_DEACTIVATED"}
{"ts":1754667587620,"action":"IDE_ACTIVATED"}
{"ts":1754667590957,"action":"FILE_CLOSED","file":"/events/ori_situation_dificit_events.txt","tags":{"FILE_LINE_OF_CODE":"173"}}
{"ts":1754667591002,"action":"FILE_OPENED","file":"/common/ascension_perks/ascenson_path_originium.txt","tags":{"FILE_LINE_OF_CODE":"118"}}
{"ts":1754667602195,"action":"FILE_CLOSED","file":"/common/ascension_perks/ascenson_path_originium.txt","tags":{"FILE_LINE_OF_CODE":"118"}}
{"ts":1754667602195,"action":"FILE_OPENED","file":"/events/originium_ascension_events.txt","tags":{"FILE_LINE_OF_CODE":"5307"}}
{"ts":1754667604938,"action":"FILE_CLOSED","file":"/events/originium_ascension_events.txt","tags":{"FILE_LINE_OF_CODE":"5307"}}
{"ts":1754667604995,"action":"FILE_OPENED","file":"/common/situations/originium_situation.txt","tags":{"FILE_LINE_OF_CODE":"637"}}
{"ts":1754667620358,"action":"FILE_CLOSED","file":"/common/situations/originium_situation.txt","tags":{"FILE_LINE_OF_CODE":"637"}}
{"ts":1754667623170,"action":"FILE_OPENED","file":"/common/situations/originium_situation.txt","tags":{"FILE_LINE_OF_CODE":"637"}}
{"ts":1754667649739,"action":"FILE_CLOSED","file":"/common/situations/originium_situation.txt","tags":{"FILE_LINE_OF_CODE":"637"}}
{"ts":1754667649865,"action":"FILE_OPENED","file":"/localisation/simp_chinese/ori_ascension_perk_lists_l_simp_chinese.yml","tags":{"FILE_LINE_OF_CODE":"1229"}}
{"ts":1754667663891,"action":"FILE_CLOSED","file":"/localisation/simp_chinese/ori_ascension_perk_lists_l_simp_chinese.yml","tags":{"FILE_LINE_OF_CODE":"1229"}}
{"ts":1754667663891,"action":"FILE_OPENED","file":"/common/situations/originium_situation.txt","tags":{"FILE_LINE_OF_CODE":"637"}}
{"ts":1754667673900,"action":"FILE_CLOSED","file":"/common/situations/originium_situation.txt","tags":{"FILE_LINE_OF_CODE":"637"}}
{"ts":1754667673900,"action":"FILE_OPENED","file":"/localisation/simp_chinese/ori_ascension_perk_lists_l_simp_chinese.yml","tags":{"FILE_LINE_OF_CODE":"1229"}}
{"ts":1754667679884,"action":"FILE_CLOSED","file":"/localisation/simp_chinese/ori_ascension_perk_lists_l_simp_chinese.yml","tags":{"FILE_LINE_OF_CODE":"1229"}}
{"ts":1754667679884,"action":"FILE_OPENED","file":"/common/game_concepts/ori_asccension_concepts.txt","tags":{"FILE_LINE_OF_CODE":"86"}}
{"ts":1754667684373,"action":"FILE_CLOSED","file":"/common/game_concepts/ori_asccension_concepts.txt","tags":{"FILE_LINE_OF_CODE":"86"}}
{"ts":1754667684373,"action":"FILE_OPENED","file":"/localisation/simp_chinese/ori_ascension_perk_lists_l_simp_chinese.yml","tags":{"FILE_LINE_OF_CODE":"1229"}}
{"ts":1754667715758,"action":"FILE_CLOSED","file":"/localisation/simp_chinese/ori_ascension_perk_lists_l_simp_chinese.yml","tags":{"FILE_LINE_OF_CODE":"1229"}}
{"ts":1754667715758,"action":"FILE_OPENED","file":"/common/game_concepts/ori_asccension_concepts.txt","tags":{"FILE_LINE_OF_CODE":"86"}}
{"ts":1754667716563,"action":"FILE_CLOSED","file":"/common/game_concepts/ori_asccension_concepts.txt","tags":{"FILE_LINE_OF_CODE":"86"}}
{"ts":1754667716563,"action":"FILE_OPENED","file":"/localisation/simp_chinese/ori_ascension_perk_lists_l_simp_chinese.yml","tags":{"FILE_LINE_OF_CODE":"1229"}}
{"ts":1754667717622,"action":"FILE_CLOSED","file":"/localisation/simp_chinese/ori_ascension_perk_lists_l_simp_chinese.yml","tags":{"FILE_LINE_OF_CODE":"1229"}}
{"ts":1754667717622,"action":"FILE_OPENED","file":"/common/situations/originium_situation.txt","tags":{"FILE_LINE_OF_CODE":"637"}}
{"ts":1754667771326,"action":"FILE_CLOSED","file":"/common/situations/originium_situation.txt","tags":{"FILE_LINE_OF_CODE":"637"}}
{"ts":1754667771374,"action":"FILE_OPENED","file":"/common/on_actions/on_actions_ori.txt","tags":{"FILE_LINE_OF_CODE":"181"}}
{"ts":1754667793960,"action":"FILE_CLOSED","file":"/common/on_actions/on_actions_ori.txt","tags":{"FILE_LINE_OF_CODE":"181"}}
{"ts":1754667793960,"action":"FILE_OPENED","file":"/events/originium_ascension_events.txt","tags":{"FILE_LINE_OF_CODE":"5307"}}
{"ts":1754667801445,"action":"FILE_CLOSED","file":"/events/originium_ascension_events.txt","tags":{"FILE_LINE_OF_CODE":"5307"}}
{"ts":1754667801445,"action":"FILE_OPENED","file":"/common/on_actions/on_actions_ori.txt","tags":{"FILE_LINE_OF_CODE":"181"}}
{"ts":1754667802889,"action":"FILE_CLOSED","file":"/common/on_actions/on_actions_ori.txt","tags":{"FILE_LINE_OF_CODE":"181"}}
{"ts":1754667802889,"action":"FILE_OPENED","file":"/events/originium_ascension_events.txt","tags":{"FILE_LINE_OF_CODE":"5307"}}
{"ts":1754667812236,"action":"FILE_CLOSED","file":"/events/originium_ascension_events.txt","tags":{"FILE_LINE_OF_CODE":"5307"}}
{"ts":1754667812236,"action":"FILE_OPENED","file":"/localisation/simp_chinese/ori_ascension_perk_lists_l_simp_chinese.yml","tags":{"FILE_LINE_OF_CODE":"1229"}}
{"ts":1754667866071,"action":"FILE_CLOSED","file":"/localisation/simp_chinese/ori_ascension_perk_lists_l_simp_chinese.yml","tags":{"FILE_LINE_OF_CODE":"1229"}}
{"ts":1754667866071,"action":"FILE_OPENED","file":"/events/originium_ascension_events.txt","tags":{"FILE_LINE_OF_CODE":"5307"}}
{"ts":1754667867237,"action":"FILE_CLOSED","file":"/events/originium_ascension_events.txt","tags":{"FILE_LINE_OF_CODE":"5307"}}
{"ts":1754667867237,"action":"FILE_OPENED","file":"/common/on_actions/on_actions_ori.txt","tags":{"FILE_LINE_OF_CODE":"181"}}
{"ts":1754667869890,"action":"FILE_CLOSED","file":"/common/on_actions/on_actions_ori.txt","tags":{"FILE_LINE_OF_CODE":"181"}}
{"ts":1754667869891,"action":"FILE_OPENED","file":"/events/originium_ascension_events.txt","tags":{"FILE_LINE_OF_CODE":"5307"}}
{"ts":1754667872097,"action":"FILE_CLOSED","file":"/events/originium_ascension_events.txt","tags":{"FILE_LINE_OF_CODE":"5307"}}
{"ts":1754667872097,"action":"FILE_OPENED","file":"/localisation/simp_chinese/ori_ascension_perk_lists_l_simp_chinese.yml","tags":{"FILE_LINE_OF_CODE":"1229"}}
{"ts":1754667875267,"action":"FILE_CLOSED","file":"/localisation/simp_chinese/ori_ascension_perk_lists_l_simp_chinese.yml","tags":{"FILE_LINE_OF_CODE":"1229"}}
{"ts":1754667875267,"action":"FILE_OPENED","file":"/events/originium_ascension_events.txt","tags":{"FILE_LINE_OF_CODE":"5307"}}
{"ts":1754667876234,"action":"FILE_CLOSED","file":"/events/originium_ascension_events.txt","tags":{"FILE_LINE_OF_CODE":"5307"}}
{"ts":1754667876234,"action":"FILE_OPENED","file":"/common/on_actions/on_actions_ori.txt","tags":{"FILE_LINE_OF_CODE":"181"}}
{"ts":1754667878841,"action":"FILE_CLOSED","file":"/common/on_actions/on_actions_ori.txt","tags":{"FILE_LINE_OF_CODE":"181"}}
{"ts":1754667878841,"action":"FILE_OPENED","file":"/events/originium_ascension_events.txt","tags":{"FILE_LINE_OF_CODE":"5307"}}
{"ts":1754667889194,"action":"FILE_CLOSED","file":"/events/originium_ascension_events.txt","tags":{"FILE_LINE_OF_CODE":"5307"}}
{"ts":1754667889194,"action":"FILE_OPENED","file":"/localisation/simp_chinese/ori_ascension_perk_lists_l_simp_chinese.yml","tags":{"FILE_LINE_OF_CODE":"1229"}}
{"ts":1754667892001,"action":"FILE_CLOSED","file":"/localisation/simp_chinese/ori_ascension_perk_lists_l_simp_chinese.yml","tags":{"FILE_LINE_OF_CODE":"1229"}}
{"ts":1754667892001,"action":"FILE_OPENED","file":"/events/originium_ascension_events.txt","tags":{"FILE_LINE_OF_CODE":"5307"}}
{"ts":1754667892194,"action":"FILE_CLOSED","file":"/events/originium_ascension_events.txt","tags":{"FILE_LINE_OF_CODE":"5307"}}
{"ts":1754667892194,"action":"FILE_OPENED","file":"/common/on_actions/on_actions_ori.txt","tags":{"FILE_LINE_OF_CODE":"181"}}
{"ts":1754667895936,"action":"FILE_CLOSED","file":"/common/on_actions/on_actions_ori.txt","tags":{"FILE_LINE_OF_CODE":"181"}}
{"ts":1754667895936,"action":"FILE_OPENED","file":"/events/originium_ascension_events.txt","tags":{"FILE_LINE_OF_CODE":"5307"}}
{"ts":1754667896903,"action":"FILE_CLOSED","file":"/events/originium_ascension_events.txt","tags":{"FILE_LINE_OF_CODE":"5307"}}
{"ts":1754667896903,"action":"FILE_OPENED","file":"/localisation/simp_chinese/ori_ascension_perk_lists_l_simp_chinese.yml","tags":{"FILE_LINE_OF_CODE":"1229"}}
{"ts":1754667901735,"action":"FILE_CLOSED","file":"/localisation/simp_chinese/ori_ascension_perk_lists_l_simp_chinese.yml","tags":{"FILE_LINE_OF_CODE":"1229"}}
{"ts":1754667901735,"action":"FILE_OPENED","file":"/events/originium_ascension_events.txt","tags":{"FILE_LINE_OF_CODE":"5307"}}
{"ts":1754667901972,"action":"FILE_CLOSED","file":"/events/originium_ascension_events.txt","tags":{"FILE_LINE_OF_CODE":"5307"}}
{"ts":1754667901972,"action":"FILE_OPENED","file":"/common/on_actions/on_actions_ori.txt","tags":{"FILE_LINE_OF_CODE":"181"}}
{"ts":1754667904040,"action":"FILE_CLOSED","file":"/common/on_actions/on_actions_ori.txt","tags":{"FILE_LINE_OF_CODE":"181"}}
{"ts":1754667904040,"action":"FILE_OPENED","file":"/events/originium_ascension_events.txt","tags":{"FILE_LINE_OF_CODE":"5307"}}
{"ts":1754667911215,"action":"FILE_CLOSED","file":"/events/originium_ascension_events.txt","tags":{"FILE_LINE_OF_CODE":"5307"}}
{"ts":1754667911215,"action":"FILE_OPENED","file":"/common/on_actions/on_actions_ori.txt","tags":{"FILE_LINE_OF_CODE":"181"}}
{"ts":1754667913089,"action":"FILE_CLOSED","file":"/common/on_actions/on_actions_ori.txt","tags":{"FILE_LINE_OF_CODE":"181"}}
{"ts":1754667913089,"action":"FILE_OPENED","file":"/events/originium_ascension_events.txt","tags":{"FILE_LINE_OF_CODE":"5307"}}
{"ts":1754667928992,"action":"FILE_CLOSED","file":"/events/originium_ascension_events.txt","tags":{"FILE_LINE_OF_CODE":"5307"}}
{"ts":1754667931047,"action":"FILE_OPENED","file":"/events/originium_ascension_events.txt","tags":{"FILE_LINE_OF_CODE":"5307"}}
{"ts":1754667932875,"action":"FILE_CLOSED","file":"/events/originium_ascension_events.txt","tags":{"FILE_LINE_OF_CODE":"5307"}}
{"ts":1754667968318,"action":"FILE_OPENED","file":"/events/originium_ascension_events.txt","tags":{"FILE_LINE_OF_CODE":"5307"}}
{"ts":1754667975241,"action":"FILE_CLOSED","file":"/events/originium_ascension_events.txt","tags":{"FILE_LINE_OF_CODE":"5307"}}
{"ts":1754667976921,"action":"FILE_OPENED","file":"/events/originium_ascension_events.txt","tags":{"FILE_LINE_OF_CODE":"5307"}}
{"ts":1754667990517,"action":"FILE_CLOSED","file":"/events/originium_ascension_events.txt","tags":{"FILE_LINE_OF_CODE":"5307"}}
{"ts":1754667990517,"action":"FILE_OPENED","file":"/common/on_actions/on_actions_ori.txt","tags":{"FILE_LINE_OF_CODE":"181"}}
{"ts":1754667992002,"action":"FILE_CLOSED","file":"/common/on_actions/on_actions_ori.txt","tags":{"FILE_LINE_OF_CODE":"181"}}
{"ts":1754667992002,"action":"FILE_OPENED","file":"/events/originium_ascension_events.txt","tags":{"FILE_LINE_OF_CODE":"5307"}}
{"ts":1754667999953,"action":"FILE_CLOSED","file":"/events/originium_ascension_events.txt","tags":{"FILE_LINE_OF_CODE":"5307"}}
{"ts":1754668001651,"action":"FILE_OPENED","file":"/events/originium_ascension_events.txt","tags":{"FILE_LINE_OF_CODE":"5307"}}
{"ts":1754668009715,"action":"FILE_CLOSED","file":"/events/originium_ascension_events.txt","tags":{"FILE_LINE_OF_CODE":"5307"}}
{"ts":1754668009715,"action":"FILE_OPENED","file":"/localisation/simp_chinese/ori_ascension_perk_lists_l_simp_chinese.yml","tags":{"FILE_LINE_OF_CODE":"1229"}}
{"ts":1754668651121,"action":"IDE_DEACTIVATED"}
{"ts":1754668671712,"action":"IDE_ACTIVATED"}
